Arguments: 
  /usr/local/bin/node /usr/local/bin/yarn publish

PATH: 
  /Library/Frameworks/Python.framework/Versions/3.10/bin:/opt/homebrew/bin:/opt/homebrew/sbin:/usr/local/bin:/System/Cryptexes/App/usr/bin:/usr/bin:/bin:/usr/sbin:/sbin:/Library/Apple/usr/bin:/Users/joristielen/Library/Android/sdk/platform-tools:/Library/Frameworks/Python.framework/Versions/3.10/bin:/opt/homebrew/bin:/opt/homebrew/sbin

Yarn version: 
  1.22.19

Node version: 
  16.15.1

Platform: 
  darwin arm64

Trace: 
  Error: https://registry.yarnpkg.com/-/user/org.couchdb.user:joris-crewlinq: failed to authenticate: Could not authenticate joris-crewlinq: bad password
      at Request.params.callback [as _callback] (/usr/local/lib/node_modules/yarn/lib/cli.js:66145:18)
      at Request.self.callback (/usr/local/lib/node_modules/yarn/lib/cli.js:140890:22)
      at Request.emit (node:events:527:28)
      at Request.<anonymous> (/usr/local/lib/node_modules/yarn/lib/cli.js:141862:10)
      at Request.emit (node:events:527:28)
      at IncomingMessage.<anonymous> (/usr/local/lib/node_modules/yarn/lib/cli.js:141784:12)
      at Object.onceWrapper (node:events:641:28)
      at IncomingMessage.emit (node:events:539:35)
      at endReadableNT (node:internal/streams/readable:1345:12)
      at processTicksAndRejections (node:internal/process/task_queues:83:21)

npm manifest: 
  {
    "name": "@crewlinq/base32",
    "description": "Base32 encoding and decoding",
    "version": "0.1.0",
    "author": "Isaac Wolkerstorfer <agnoster@gmail.com> (http://agnoster.net/)",
    "homepage": "https://github.com/agnoster/base32-js",
    "repository": {
      "type": "git",
      "url": "git://github.com/agnoster/base32-js.git"
    },
    "main": "./lib/base32",
    "bin": "./bin/base32.js",
    "scripts": {
      "test": "./node_modules/.bin/coffee test/*-test.coffee",
      "bin": "$npm_package_bin_base32"
    },
    "files": [
      "lib",
      "bin"
    ],
    "engines": {
      "node": ">0.10"
    },
    "dependencies": {
      "minimist": "^1.2.6"
    },
    "devDependencies": {
      "coffee-script": ">=1.0.0",
      "gulp": "^3.9.1",
      "gulp-rename": "^1.2.0",
      "gulp-uglify": "^3.0.2",
      "vows": ">=0.5.6"
    }
  }

yarn manifest: 
  No manifest

Lockfile: 
  No lockfile
